0 info it worked if it ends with ok
1 verbose cli [ '/Users/jonrh/.nvm/versions/node/v6.10.2/bin/node',
1 verbose cli   '/Users/jonrh/.nvm/versions/node/v6.10.2/bin/npm',
1 verbose cli   'run',
1 verbose cli   'develop' ]
2 info using npm@3.10.10
3 info using node@v6.10.2
4 verbose run-script [ 'predevelop', 'develop', 'postdevelop' ]
5 info lifecycle jonrh.is@1.0.0~predevelop: jonrh.is@1.0.0
6 silly lifecycle jonrh.is@1.0.0~predevelop: no script for predevelop, continuing
7 info lifecycle jonrh.is@1.0.0~develop: jonrh.is@1.0.0
8 verbose lifecycle jonrh.is@1.0.0~develop: unsafe-perm in lifecycle true
9 verbose lifecycle jonrh.is@1.0.0~develop: PATH: /Users/jonrh/.nvm/versions/node/v6.10.2/lib/node_modules/npm/bin/node-gyp-bin:/Users/jonrh/Documents/Sidur/jonrh.is/node_modules/.bin:/Users/jonrh/.yarn/bin:/Users/jonrh/.nvm/versions/node/v6.10.2/bin:/Users/jonrh/.nix-profile/bin:/Users/jonrh/.nix-profile/sbin:/usr/local/bin:/usr/bin:/bin:/usr/sbin:/sbin:/Library/TeX/texbin:/Users/jonrh/Library/Android/sdk/tools:/Users/jonrh/Library/Android/sdk/platform-tools
10 verbose lifecycle jonrh.is@1.0.0~develop: CWD: /Users/jonrh/Documents/Sidur/jonrh.is
11 silly lifecycle jonrh.is@1.0.0~develop: Args: [ '-c', 'gatsby develop' ]
12 silly lifecycle jonrh.is@1.0.0~develop: Returned: code: 1  signal: null
13 info lifecycle jonrh.is@1.0.0~develop: Failed to exec develop script
14 verbose stack Error: jonrh.is@1.0.0 develop: `gatsby develop`
14 verbose stack Exit status 1
14 verbose stack     at EventEmitter.<anonymous> (/Users/jonrh/.nvm/versions/node/v6.10.2/lib/node_modules/npm/lib/utils/lifecycle.js:255:16)
14 verbose stack     at emitTwo (events.js:106:13)
14 verbose stack     at EventEmitter.emit (events.js:191:7)
14 verbose stack     at ChildProcess.<anonymous> (/Users/jonrh/.nvm/versions/node/v6.10.2/lib/node_modules/npm/lib/utils/spawn.js:40:14)
14 verbose stack     at emitTwo (events.js:106:13)
14 verbose stack     at ChildProcess.emit (events.js:191:7)
14 verbose stack     at maybeClose (internal/child_process.js:886:16)
14 verbose stack     at Process.ChildProcess._handle.onexit (internal/child_process.js:226:5)
15 verbose pkgid jonrh.is@1.0.0
16 verbose cwd /Users/jonrh/Documents/Sidur/jonrh.is
17 error Darwin 16.6.0
18 error argv "/Users/jonrh/.nvm/versions/node/v6.10.2/bin/node" "/Users/jonrh/.nvm/versions/node/v6.10.2/bin/npm" "run" "develop"
19 error node v6.10.2
20 error npm  v3.10.10
21 error code ELIFECYCLE
22 error jonrh.is@1.0.0 develop: `gatsby develop`
22 error Exit status 1
23 error Failed at the jonrh.is@1.0.0 develop script 'gatsby develop'.
23 error Make sure you have the latest version of node.js and npm installed.
23 error If you do, this is most likely a problem with the jonrh.is package,
23 error not with npm itself.
23 error Tell the author that this fails on your system:
23 error     gatsby develop
23 error You can get information on how to open an issue for this project with:
23 error     npm bugs jonrh.is
23 error Or if that isn't available, you can get their info via:
23 error     npm owner ls jonrh.is
23 error There is likely additional logging output above.
24 verbose exit [ 1, true ]
